# JRE version: OpenJDK Runtime Environment 18.9 (11.0.15+10) (build 11.0.15+10)
# Java VM: OpenJDK 64-Bit Server VM 18.9 (11.0.15+10, mixed mode, tiered, compressed oops, g1 gc, windows-amd64)
Heap:
 garbage-first heap   total 260096K, used 156230K [0x00000000a0000000, 0x0000000100000000)
  region size 1024K, 13 young (13312K), 8 survivors (8192K)
 Metaspace       used 89900K, capacity 94086K, committed 94472K, reserved 1130496K
  class space    used 11632K, capacity 12939K, committed 13056K, reserved 1048576K
GC Heap History (20 events):
Event: 9.254 GC heap after
{Heap after GC invocations=9 (full 0):
 garbage-first heap   total 260096K, used 31232K [0x00000000a0000000, 0x0000000100000000)
  region size 1024K, 15 young (15360K), 15 survivors (15360K)
 Metaspace       used 45142K, capacity 46191K, committed 46416K, reserved 1089536K
  class space    used 5686K, capacity 6056K, committed 6144K, reserved 1048576K
}
Event: 12.286 GC heap before
{Heap before GC invocations=9 (full 0):
 garbage-first heap   total 260096K, used 179712K [0x00000000a0000000, 0x0000000100000000)
  region size 1024K, 152 young (155648K), 15 survivors (15360K)
 Metaspace       used 54675K, capacity 56220K, committed 56400K, reserved 1097728K
  class space    used 6846K, capacity 7384K, committed 7424K, reserved 1048576K
}
Event: 12.305 GC heap after
{Heap after GC invocations=10 (full 0):
 garbage-first heap   total 260096K, used 51186K [0x00000000a0000000, 0x0000000100000000)
  region size 1024K, 19 young (19456K), 19 survivors (19456K)
 Metaspace       used 54675K, capacity 56220K, committed 56400K, reserved 1097728K
  class space    used 6846K, capacity 7384K, committed 7424K, reserved 1048576K
}
Event: 13.237 GC heap before
{Heap before GC invocations=10 (full 0):
 garbage-first heap   total 260096K, used 79858K [0x00000000a0000000, 0x0000000100000000)
  region size 1024K, 48 young (49152K), 19 survivors (19456K)
 Metaspace       used 58524K, capacity 60098K, committed 60296K, reserved 1101824K
  class space    used 7348K, capacity 7950K, committed 8064K, reserved 1048576K
}
Event: 13.267 GC heap after
{Heap after GC invocations=11 (full 0):
 garbage-first heap   total 260096K, used 54183K [0x00000000a0000000, 0x0000000100000000)
  region size 1024K, 3 young (3072K), 3 survivors (3072K)
 Metaspace       used 58524K, capacity 60098K, committed 60296K, reserved 1101824K
  class space    used 7348K, capacity 7950K, committed 8064K, reserved 1048576K
}
Event: 15.897 GC heap before
{Heap before GC invocations=12 (full 0):
 garbage-first heap   total 260096K, used 163751K [0x00000000a0000000, 0x0000000100000000)
  region size 1024K, 110 young (112640K), 3 survivors (3072K)
 Metaspace       used 67162K, capacity 68900K, committed 69000K, reserved 1110016K
  class space    used 8418K, capacity 9013K, committed 9088K, reserved 1048576K
}
Event: 15.908 GC heap after
{Heap after GC invocations=13 (full 0):
 garbage-first heap   total 260096K, used 59303K [0x00000000a0000000, 0x0000000100000000)
  region size 1024K, 8 young (8192K), 8 survivors (8192K)
 Metaspace       used 67162K, capacity 68900K, committed 69000K, reserved 1110016K
  class space    used 8418K, capacity 9013K, committed 9088K, reserved 1048576K
}
Event: 17.295 GC heap before
{Heap before GC invocations=13 (full 0):
 garbage-first heap   total 260096K, used 175015K [0x00000000a0000000, 0x0000000100000000)
  region size 1024K, 119 young (121856K), 8 survivors (8192K)
 Metaspace       used 68824K, capacity 70844K, committed 71048K, reserved 1112064K
  class space    used 8635K, capacity 9315K, committed 9344K, reserved 1048576K
}
Event: 17.312 GC heap after
{Heap after GC invocations=14 (full 0):
 garbage-first heap   total 260096K, used 73009K [0x00000000a0000000, 0x0000000100000000)
  region size 1024K, 15 young (15360K), 15 survivors (15360K)
 Metaspace       used 68824K, capacity 70844K, committed 71048K, reserved 1112064K
  class space    used 8635K, capacity 9315K, committed 9344K, reserved 1048576K
}
Event: 19.365 GC heap before
{Heap before GC invocations=14 (full 0):
 garbage-first heap   total 260096K, used 181553K [0x00000000a0000000, 0x0000000100000000)
  region size 1024K, 121 young (123904K), 15 survivors (15360K)
 Metaspace       used 75882K, capacity 77965K, committed 78216K, reserved 1118208K
  class space    used 9774K, capacity 10525K, committed 10624K, reserved 1048576K
}
Event: 19.386 GC heap after
{Heap after GC invocations=15 (full 0):
 garbage-first heap   total 260096K, used 81959K [0x00000000a0000000, 0x0000000100000000)
  region size 1024K, 9 young (9216K), 9 survivors (9216K)
 Metaspace       used 75882K, capacity 77965K, committed 78216K, reserved 1118208K
  class space    used 9774K, capacity 10525K, committed 10624K, reserved 1048576K
}
Event: 21.492 GC heap before
{Heap before GC invocations=15 (full 0):
 garbage-first heap   total 260096K, used 190503K [0x00000000a0000000, 0x0000000100000000)
  region size 1024K, 114 young (116736K), 9 survivors (9216K)
 Metaspace       used 79549K, capacity 82709K, committed 82952K, reserved 1122304K
  class space    used 10263K, capacity 11245K, committed 11264K, reserved 1048576K
}
Event: 21.512 GC heap after
{Heap after GC invocations=16 (full 0):
 garbage-first heap   total 260096K, used 100841K [0x00000000a0000000, 0x0000000100000000)
  region size 1024K, 15 young (15360K), 15 survivors (15360K)
 Metaspace       used 79549K, capacity 82709K, committed 82952K, reserved 1122304K
  class space    used 10263K, capacity 11245K, committed 11264K, reserved 1048576K
}
Event: 23.463 GC heap before
{Heap before GC invocations=16 (full 0):
 garbage-first heap   total 260096K, used 199145K [0x00000000a0000000, 0x0000000100000000)
  region size 1024K, 106 young (108544K), 15 survivors (15360K)
 Metaspace       used 80909K, capacity 84647K, committed 84872K, reserved 1122304K
  class space    used 10446K, capacity 11586K, committed 11648K, reserved 1048576K
}
Event: 23.492 GC heap after
{Heap after GC invocations=17 (full 0):
 garbage-first heap   total 260096K, used 126679K [0x00000000a0000000, 0x0000000100000000)
  region size 1024K, 14 young (14336K), 14 survivors (14336K)
 Metaspace       used 80909K, capacity 84647K, committed 84872K, reserved 1122304K
  class space    used 10446K, capacity 11586K, committed 11648K, reserved 1048576K
}
Event: 24.883 GC heap before
{Heap before GC invocations=17 (full 0):
 garbage-first heap   total 260096K, used 197335K [0x00000000a0000000, 0x0000000100000000)
  region size 1024K, 84 young (86016K), 14 survivors (14336K)
 Metaspace       used 86566K, capacity 90473K, committed 90632K, reserved 1128448K
  class space    used 11309K, capacity 12529K, committed 12544K, reserved 1048576K
}
Event: 24.897 GC heap after
{Heap after GC invocations=18 (full 0):
 garbage-first heap   total 260096K, used 133968K [0x00000000a0000000, 0x0000000100000000)
  region size 1024K, 6 young (6144K), 6 survivors (6144K)
 Metaspace       used 86566K, capacity 90473K, committed 90632K, reserved 1128448K
  class space    used 11309K, capacity 12529K, committed 12544K, reserved 1048576K
}
Event: 26.793 GC heap before
{Heap before GC invocations=18 (full 0):
 garbage-first heap   total 260096K, used 203600K [0x00000000a0000000, 0x0000000100000000)
  region size 1024K, 74 young (75776K), 6 survivors (6144K)
 Metaspace       used 89502K, capacity 93552K, committed 93832K, reserved 1130496K
  class space    used 11633K, capacity 12896K, committed 12928K, reserved 1048576K
}
Event: 26.827 GC heap after
{Heap after GC invocations=19 (full 0):
 garbage-first heap   total 260096K, used 144940K [0x00000000a0000000, 0x0000000100000000)
  region size 1024K, 10 young (10240K), 10 survivors (10240K)
 Metaspace       used 89502K, capacity 93552K, committed 93832K, reserved 1130496K
  class space    used 11633K, capacity 12896K, committed 12928K, reserved 1048576K
}
Event: 28.892 GC heap before
{Heap before GC invocations=20 (full 0):
 garbage-first heap   total 260096K, used 205356K [0x00000000a0000000, 0x0000000100000000)
  region size 1024K, 69 young (70656K), 10 survivors (10240K)
 Metaspace       used 89892K, capacity 94086K, committed 94472K, reserved 1130496K
  class space    used 11632K, capacity 12939K, committed 13056K, reserved 1048576K
}

