# JRE version: OpenJDK Runtime Environment 18.9 (11.0.15+10) (build 11.0.15+10)
# Java VM: OpenJDK 64-Bit Server VM 18.9 (11.0.15+10, mixed mode, tiered, compressed oops, g1 gc, windows-amd64)
Heap:
 garbage-first heap   total 260096K, used 136086K [0x00000000a0000000, 0x0000000100000000)
  region size 1024K, 85 young (87040K), 3 survivors (3072K)
 Metaspace       used 65835K, capacity 67466K, committed 67592K, reserved 1120256K
  class space    used 8285K, capacity 8882K, committed 8960K, reserved 1048576K
GC Heap History (18 events):
Event: 1.005 GC heap before
{Heap before GC invocations=0 (full 0):
 garbage-first heap   total 260096K, used 29696K [0x00000000a0000000, 0x0000000100000000)
  region size 1024K, 24 young (24576K), 0 survivors (0K)
 Metaspace       used 10127K, capacity 10342K, committed 10624K, reserved 1058816K
  class space    used 1039K, capacity 1107K, committed 1152K, reserved 1048576K
}
Event: 1.011 GC heap after
{Heap after GC invocations=1 (full 0):
 garbage-first heap   total 260096K, used 9561K [0x00000000a0000000, 0x0000000100000000)
  region size 1024K, 3 young (3072K), 3 survivors (3072K)
 Metaspace       used 10127K, capacity 10342K, committed 10624K, reserved 1058816K
  class space    used 1039K, capacity 1107K, committed 1152K, reserved 1048576K
}
Event: 1.592 GC heap before
{Heap before GC invocations=1 (full 0):
 garbage-first heap   total 260096K, used 32089K [0x00000000a0000000, 0x0000000100000000)
  region size 1024K, 25 young (25600K), 3 survivors (3072K)
 Metaspace       used 11178K, capacity 11395K, committed 11520K, reserved 1058816K
  class space    used 1148K, capacity 1245K, committed 1280K, reserved 1048576K
}
Event: 1.595 GC heap after
{Heap after GC invocations=2 (full 0):
 garbage-first heap   total 260096K, used 9913K [0x00000000a0000000, 0x0000000100000000)
  region size 1024K, 1 young (1024K), 1 survivors (1024K)
 Metaspace       used 11178K, capacity 11395K, committed 11520K, reserved 1058816K
  class space    used 1148K, capacity 1245K, committed 1280K, reserved 1048576K
}
Event: 4.670 GC heap before
{Heap before GC invocations=2 (full 0):
 garbage-first heap   total 260096K, used 76473K [0x00000000a0000000, 0x0000000100000000)
  region size 1024K, 65 young (66560K), 1 survivors (1024K)
 Metaspace       used 19719K, capacity 20148K, committed 20224K, reserved 1067008K
  class space    used 2377K, capacity 2548K, committed 2560K, reserved 1048576K
}
Event: 4.678 GC heap after
{Heap after GC invocations=3 (full 0):
 garbage-first heap   total 260096K, used 16682K [0x00000000a0000000, 0x0000000100000000)
  region size 1024K, 8 young (8192K), 8 survivors (8192K)
 Metaspace       used 19719K, capacity 20148K, committed 20224K, reserved 1067008K
  class space    used 2377K, capacity 2548K, committed 2560K, reserved 1048576K
}
Event: 4.820 GC heap before
{Heap before GC invocations=3 (full 0):
 garbage-first heap   total 260096K, used 21802K [0x00000000a0000000, 0x0000000100000000)
  region size 1024K, 14 young (14336K), 8 survivors (8192K)
 Metaspace       used 20702K, capacity 21173K, committed 21296K, reserved 1069056K
  class space    used 2492K, capacity 2659K, committed 2688K, reserved 1048576K
}
Event: 4.827 GC heap after
{Heap after GC invocations=4 (full 0):
 garbage-first heap   total 260096K, used 17251K [0x00000000a0000000, 0x0000000100000000)
  region size 1024K, 1 young (1024K), 1 survivors (1024K)
 Metaspace       used 20702K, capacity 21173K, committed 21296K, reserved 1069056K
  class space    used 2492K, capacity 2659K, committed 2688K, reserved 1048576K
}
Event: 6.593 GC heap before
{Heap before GC invocations=5 (full 0):
 garbage-first heap   total 260096K, used 120675K [0x00000000a0000000, 0x0000000100000000)
  region size 1024K, 102 young (104448K), 1 survivors (1024K)
 Metaspace       used 30907K, capacity 31555K, committed 31664K, reserved 1077248K
  class space    used 4059K, capacity 4319K, committed 4352K, reserved 1048576K
}
Event: 6.599 GC heap after
{Heap after GC invocations=6 (full 0):
 garbage-first heap   total 260096K, used 20198K [0x00000000a0000000, 0x0000000100000000)
  region size 1024K, 4 young (4096K), 4 survivors (4096K)
 Metaspace       used 30907K, capacity 31555K, committed 31664K, reserved 1077248K
  class space    used 4059K, capacity 4319K, committed 4352K, reserved 1048576K
}
Event: 7.033 GC heap before
{Heap before GC invocations=6 (full 0):
 garbage-first heap   total 260096K, used 33510K [0x00000000a0000000, 0x0000000100000000)
  region size 1024K, 18 young (18432K), 4 survivors (4096K)
 Metaspace       used 35055K, capacity 35785K, committed 35920K, reserved 1081344K
  class space    used 4467K, capacity 4773K, committed 4864K, reserved 1048576K
}
Event: 7.041 GC heap after
{Heap after GC invocations=7 (full 0):
 garbage-first heap   total 260096K, used 22542K [0x00000000a0000000, 0x0000000100000000)
  region size 1024K, 6 young (6144K), 6 survivors (6144K)
 Metaspace       used 35055K, capacity 35785K, committed 35920K, reserved 1081344K
  class space    used 4467K, capacity 4773K, committed 4864K, reserved 1048576K
}
Event: 9.533 GC heap before
{Heap before GC invocations=8 (full 0):
 garbage-first heap   total 260096K, used 153614K [0x00000000a0000000, 0x0000000100000000)
  region size 1024K, 130 young (133120K), 6 survivors (6144K)
 Metaspace       used 44842K, capacity 45909K, committed 46032K, reserved 1089536K
  class space    used 5636K, capacity 5982K, committed 6016K, reserved 1048576K
}
Event: 9.549 GC heap after
{Heap after GC invocations=9 (full 0):
 garbage-first heap   total 260096K, used 30751K [0x00000000a0000000, 0x0000000100000000)
  region size 1024K, 14 young (14336K), 14 survivors (14336K)
 Metaspace       used 44842K, capacity 45909K, committed 46032K, reserved 1089536K
  class space    used 5636K, capacity 5982K, committed 6016K, reserved 1048576K
}
Event: 11.942 GC heap before
{Heap before GC invocations=9 (full 0):
 garbage-first heap   total 260096K, used 171039K [0x00000000a0000000, 0x0000000100000000)
  region size 1024K, 143 young (146432K), 14 survivors (14336K)
 Metaspace       used 53105K, capacity 54602K, committed 54736K, reserved 1097728K
  class space    used 6680K, capacity 7212K, committed 7296K, reserved 1048576K
}
Event: 11.962 GC heap after
{Heap after GC invocations=10 (full 0):
 garbage-first heap   total 260096K, used 50016K [0x00000000a0000000, 0x0000000100000000)
  region size 1024K, 18 young (18432K), 18 survivors (18432K)
 Metaspace       used 53105K, capacity 54602K, committed 54736K, reserved 1097728K
  class space    used 6680K, capacity 7212K, committed 7296K, reserved 1048576K
}
Event: 12.822 GC heap before
{Heap before GC invocations=10 (full 0):
 garbage-first heap   total 260096K, used 89952K [0x00000000a0000000, 0x0000000100000000)
  region size 1024K, 58 young (59392K), 18 survivors (18432K)
 Metaspace       used 58509K, capacity 60131K, committed 60296K, reserved 1101824K
  class space    used 7355K, capacity 7962K, committed 8064K, reserved 1048576K
}
Event: 12.847 GC heap after
{Heap after GC invocations=11 (full 0):
 garbage-first heap   total 260096K, used 53142K [0x00000000a0000000, 0x0000000100000000)
  region size 1024K, 3 young (3072K), 3 survivors (3072K)
 Metaspace       used 58509K, capacity 60131K, committed 60296K, reserved 1101824K
  class space    used 7355K, capacity 7962K, committed 8064K, reserved 1048576K
}

